mode: set
github.com/Destraag/toroidzip/codec/analyze.go:42.66,43.45 1 1
github.com/Destraag/toroidzip/codec/analyze.go:43.45,45.3 1 1
github.com/Destraag/toroidzip/codec/analyze.go:47.2,48.31 2 1
github.com/Destraag/toroidzip/codec/analyze.go:48.31,49.14 1 1
github.com/Destraag/toroidzip/codec/analyze.go:49.14,50.12 1 1
github.com/Destraag/toroidzip/codec/analyze.go:52.3,52.68 1 1
github.com/Destraag/toroidzip/codec/analyze.go:52.68,55.4 2 1
github.com/Destraag/toroidzip/codec/analyze.go:58.2,58.20 1 1
github.com/Destraag/toroidzip/codec/analyze.go:58.20,60.3 1 1
github.com/Destraag/toroidzip/codec/analyze.go:62.2,68.26 5 1
github.com/Destraag/toroidzip/codec/analyze.go:68.26,69.57 1 1
github.com/Destraag/toroidzip/codec/analyze.go:69.57,71.9 2 0
github.com/Destraag/toroidzip/codec/analyze.go:76.2,76.20 1 1
github.com/Destraag/toroidzip/codec/analyze.go:76.20,78.27 2 1
github.com/Destraag/toroidzip/codec/analyze.go:78.27,79.28 1 1
github.com/Destraag/toroidzip/codec/analyze.go:79.28,81.5 1 1
github.com/Destraag/toroidzip/codec/analyze.go:83.3,85.27 3 1
github.com/Destraag/toroidzip/codec/analyze.go:85.27,86.32 1 1
github.com/Destraag/toroidzip/codec/analyze.go:86.32,88.5 1 1
github.com/Destraag/toroidzip/codec/analyze.go:90.8,90.26 1 0
github.com/Destraag/toroidzip/codec/analyze.go:90.26,92.3 1 0
github.com/Destraag/toroidzip/codec/analyze.go:94.2,94.12 1 1
github.com/Destraag/toroidzip/codec/analyze.go:100.77,106.22 2 1
github.com/Destraag/toroidzip/codec/analyze.go:106.22,108.3 1 0
github.com/Destraag/toroidzip/codec/analyze.go:110.2,112.29 3 1
github.com/Destraag/toroidzip/codec/analyze.go:112.29,114.3 1 1
github.com/Destraag/toroidzip/codec/analyze.go:116.2,119.35 3 1
github.com/Destraag/toroidzip/codec/analyze.go:119.35,121.22 1 1
github.com/Destraag/toroidzip/codec/analyze.go:121.22,123.31 2 1
github.com/Destraag/toroidzip/codec/analyze.go:123.31,125.5 1 1
github.com/Destraag/toroidzip/codec/analyze.go:126.4,126.12 1 1
github.com/Destraag/toroidzip/codec/analyze.go:129.3,130.27 2 1
github.com/Destraag/toroidzip/codec/analyze.go:130.27,132.30 1 1
github.com/Destraag/toroidzip/codec/analyze.go:132.30,134.32 2 0
github.com/Destraag/toroidzip/codec/analyze.go:134.32,136.6 1 0
github.com/Destraag/toroidzip/codec/analyze.go:138.4,138.12 1 1
github.com/Destraag/toroidzip/codec/analyze.go:142.3,143.30 2 1
github.com/Destraag/toroidzip/codec/analyze.go:143.30,146.4 2 1
github.com/Destraag/toroidzip/codec/analyze.go:146.9,149.4 2 1
github.com/Destraag/toroidzip/codec/analyze.go:151.3,152.16 2 1
github.com/Destraag/toroidzip/codec/analyze.go:152.16,155.25 3 1
github.com/Destraag/toroidzip/codec/analyze.go:155.25,157.5 1 1
github.com/Destraag/toroidzip/codec/analyze.go:158.4,158.11 1 1
github.com/Destraag/toroidzip/codec/analyze.go:162.2,162.15 1 1
github.com/Destraag/toroidzip/codec/analyze.go:162.15,164.3 1 1
github.com/Destraag/toroidzip/codec/analyze.go:165.2,165.12 1 1
github.com/Destraag/toroidzip/codec/analyze.go:169.61,171.25 2 1
github.com/Destraag/toroidzip/codec/analyze.go:171.25,172.21 1 1
github.com/Destraag/toroidzip/codec/analyze.go:172.21,174.4 1 1
github.com/Destraag/toroidzip/codec/analyze.go:176.2,176.12 1 1
github.com/Destraag/toroidzip/codec/analyze.go:183.97,184.46 1 1
github.com/Destraag/toroidzip/codec/analyze.go:184.46,186.3 1 1
github.com/Destraag/toroidzip/codec/analyze.go:187.2,190.34 4 1
github.com/Destraag/toroidzip/codec/analyze.go:190.34,192.3 1 1
github.com/Destraag/toroidzip/codec/analyze.go:193.2,193.35 1 1
github.com/Destraag/toroidzip/codec/analyze.go:193.35,194.30 1 1
github.com/Destraag/toroidzip/codec/analyze.go:194.30,196.36 2 1
github.com/Destraag/toroidzip/codec/analyze.go:196.36,198.5 1 1
github.com/Destraag/toroidzip/codec/analyze.go:199.4,199.12 1 1
github.com/Destraag/toroidzip/codec/analyze.go:201.3,202.16 2 1
github.com/Destraag/toroidzip/codec/analyze.go:203.20,205.36 2 1
github.com/Destraag/toroidzip/codec/analyze.go:205.36,207.5 1 1
github.com/Destraag/toroidzip/codec/analyze.go:207.10,209.5 1 1
github.com/Destraag/toroidzip/codec/analyze.go:210.22,210.22 0 0
github.com/Destraag/toroidzip/codec/analyze.go:212.11,214.36 2 1
github.com/Destraag/toroidzip/codec/analyze.go:214.36,216.5 1 0
github.com/Destraag/toroidzip/codec/analyze.go:219.2,219.12 1 1
github.com/Destraag/toroidzip/codec/boundary.go:113.41,114.47 1 1
github.com/Destraag/toroidzip/codec/boundary.go:114.47,116.3 1 1
github.com/Destraag/toroidzip/codec/boundary.go:117.2,117.43 1 1
github.com/Destraag/toroidzip/codec/boundary.go:117.43,119.3 1 1
github.com/Destraag/toroidzip/codec/boundary.go:120.2,120.44 1 1
github.com/Destraag/toroidzip/codec/boundary.go:120.44,122.3 1 1
github.com/Destraag/toroidzip/codec/boundary.go:123.2,123.20 1 1
github.com/Destraag/toroidzip/codec/boundary.go:127.36,129.2 1 1
github.com/Destraag/toroidzip/codec/codec.go:68.70,69.22 1 1
github.com/Destraag/toroidzip/codec/codec.go:69.22,71.3 1 1
github.com/Destraag/toroidzip/codec/codec.go:72.2,72.32 1 1
github.com/Destraag/toroidzip/codec/codec.go:72.32,74.3 1 1
github.com/Destraag/toroidzip/codec/codec.go:75.2,75.26 1 1
github.com/Destraag/toroidzip/codec/codec.go:76.18,77.36 1 1
github.com/Destraag/toroidzip/codec/codec.go:78.23,79.41 1 1
github.com/Destraag/toroidzip/codec/codec.go:80.24,81.42 1 1
github.com/Destraag/toroidzip/codec/codec.go:82.23,83.41 1 1
github.com/Destraag/toroidzip/codec/codec.go:84.10,85.84 1 0
github.com/Destraag/toroidzip/codec/codec.go:92.73,94.45 2 1
github.com/Destraag/toroidzip/codec/codec.go:94.45,96.3 1 0
github.com/Destraag/toroidzip/codec/codec.go:97.2,97.49 1 1
github.com/Destraag/toroidzip/codec/codec.go:97.49,99.3 1 0
github.com/Destraag/toroidzip/codec/codec.go:100.2,100.47 1 1
github.com/Destraag/toroidzip/codec/codec.go:100.47,102.3 1 0
github.com/Destraag/toroidzip/codec/codec.go:103.2,103.51 1 1
github.com/Destraag/toroidzip/codec/codec.go:103.51,105.3 1 0
github.com/Destraag/toroidzip/codec/codec.go:106.2,106.60 1 1
github.com/Destraag/toroidzip/codec/codec.go:106.60,108.3 1 0
github.com/Destraag/toroidzip/codec/codec.go:114.2,116.27 3 1
github.com/Destraag/toroidzip/codec/codec.go:116.27,118.3 1 1
github.com/Destraag/toroidzip/codec/codec.go:119.2,119.46 1 1
github.com/Destraag/toroidzip/codec/codec.go:119.46,121.3 1 0
github.com/Destraag/toroidzip/codec/codec.go:123.2,123.35 1 1
github.com/Destraag/toroidzip/codec/codec.go:123.35,124.16 1 1
github.com/Destraag/toroidzip/codec/codec.go:124.16,125.60 1 1
github.com/Destraag/toroidzip/codec/codec.go:125.60,127.5 1 0
github.com/Destraag/toroidzip/codec/codec.go:128.4,128.53 1 1
github.com/Destraag/toroidzip/codec/codec.go:128.53,130.5 1 0
github.com/Destraag/toroidzip/codec/codec.go:131.4,132.29 2 1
github.com/Destraag/toroidzip/codec/codec.go:132.29,134.5 1 0
github.com/Destraag/toroidzip/codec/codec.go:135.4,135.12 1 1
github.com/Destraag/toroidzip/codec/codec.go:138.3,139.78 2 1
github.com/Destraag/toroidzip/codec/codec.go:139.78,142.4 2 1
github.com/Destraag/toroidzip/codec/codec.go:144.3,144.51 1 1
github.com/Destraag/toroidzip/codec/codec.go:144.51,146.4 1 0
github.com/Destraag/toroidzip/codec/codec.go:147.3,147.48 1 1
github.com/Destraag/toroidzip/codec/codec.go:147.48,149.4 1 0
github.com/Destraag/toroidzip/codec/codec.go:151.3,151.10 1 1
github.com/Destraag/toroidzip/codec/codec.go:152.64,154.29 2 1
github.com/Destraag/toroidzip/codec/codec.go:154.29,156.5 1 1
github.com/Destraag/toroidzip/codec/codec.go:157.30,158.29 1 1
github.com/Destraag/toroidzip/codec/codec.go:159.28,160.23 1 1
github.com/Destraag/toroidzip/codec/codec.go:161.11,162.20 1 1
github.com/Destraag/toroidzip/codec/codec.go:165.2,165.12 1 1
github.com/Destraag/toroidzip/codec/codec.go:178.89,181.15 3 1
github.com/Destraag/toroidzip/codec/codec.go:181.15,183.3 1 1
github.com/Destraag/toroidzip/codec/codec.go:185.2,191.27 6 1
github.com/Destraag/toroidzip/codec/codec.go:191.27,193.3 1 1
github.com/Destraag/toroidzip/codec/codec.go:195.2,195.35 1 1
github.com/Destraag/toroidzip/codec/codec.go:195.35,196.16 1 1
github.com/Destraag/toroidzip/codec/codec.go:196.16,200.29 4 1
github.com/Destraag/toroidzip/codec/codec.go:200.29,202.5 1 1
github.com/Destraag/toroidzip/codec/codec.go:203.4,203.12 1 1
github.com/Destraag/toroidzip/codec/codec.go:206.3,208.78 2 1
github.com/Destraag/toroidzip/codec/codec.go:208.78,211.4 2 1
github.com/Destraag/toroidzip/codec/codec.go:213.3,214.16 2 1
github.com/Destraag/toroidzip/codec/codec.go:215.22,215.22 0 1
github.com/Destraag/toroidzip/codec/codec.go:217.20,218.44 1 1
github.com/Destraag/toroidzip/codec/codec.go:218.44,220.35 2 1
github.com/Destraag/toroidzip/codec/codec.go:221.12,222.44 1 1
github.com/Destraag/toroidzip/codec/codec.go:223.12,224.72 1 1
github.com/Destraag/toroidzip/codec/codec.go:225.13,226.64 1 1
github.com/Destraag/toroidzip/codec/codec.go:228.5,228.39 1 1
github.com/Destraag/toroidzip/codec/codec.go:229.10,231.5 1 1
github.com/Destraag/toroidzip/codec/codec.go:232.4,232.29 1 1
github.com/Destraag/toroidzip/codec/codec.go:232.29,234.5 1 1
github.com/Destraag/toroidzip/codec/codec.go:234.10,236.5 1 1
github.com/Destraag/toroidzip/codec/codec.go:237.44,241.29 3 1
github.com/Destraag/toroidzip/codec/codec.go:241.29,243.5 1 1
github.com/Destraag/toroidzip/codec/codec.go:247.2,247.26 1 1
github.com/Destraag/toroidzip/codec/codec.go:251.89,252.26 1 1
github.com/Destraag/toroidzip/codec/codec.go:252.26,253.43 1 1
github.com/Destraag/toroidzip/codec/codec.go:253.43,255.4 1 0
github.com/Destraag/toroidzip/codec/codec.go:257.2,258.56 2 1
github.com/Destraag/toroidzip/codec/codec.go:258.56,260.3 1 0
github.com/Destraag/toroidzip/codec/codec.go:261.2,261.39 1 1
github.com/Destraag/toroidzip/codec/codec.go:261.39,263.3 1 0
github.com/Destraag/toroidzip/codec/codec.go:264.2,265.12 2 1
github.com/Destraag/toroidzip/codec/codec.go:274.78,277.45 3 1
github.com/Destraag/toroidzip/codec/codec.go:277.45,279.3 1 0
github.com/Destraag/toroidzip/codec/codec.go:280.2,280.54 1 1
github.com/Destraag/toroidzip/codec/codec.go:280.54,282.3 1 0
github.com/Destraag/toroidzip/codec/codec.go:283.2,283.59 1 1
github.com/Destraag/toroidzip/codec/codec.go:283.59,285.3 1 0
github.com/Destraag/toroidzip/codec/codec.go:286.2,286.70 1 1
github.com/Destraag/toroidzip/codec/codec.go:286.70,288.3 1 0
github.com/Destraag/toroidzip/codec/codec.go:289.2,289.60 1 1
github.com/Destraag/toroidzip/codec/codec.go:289.60,291.3 1 0
github.com/Destraag/toroidzip/codec/codec.go:292.2,292.51 1 1
github.com/Destraag/toroidzip/codec/codec.go:301.79,303.15 2 1
github.com/Destraag/toroidzip/codec/codec.go:303.15,305.3 1 1
github.com/Destraag/toroidzip/codec/codec.go:306.2,308.45 3 1
github.com/Destraag/toroidzip/codec/codec.go:308.45,310.3 1 0
github.com/Destraag/toroidzip/codec/codec.go:311.2,311.55 1 1
github.com/Destraag/toroidzip/codec/codec.go:311.55,313.3 1 0
github.com/Destraag/toroidzip/codec/codec.go:314.2,314.59 1 1
github.com/Destraag/toroidzip/codec/codec.go:314.59,316.3 1 0
github.com/Destraag/toroidzip/codec/codec.go:317.2,317.70 1 1
github.com/Destraag/toroidzip/codec/codec.go:317.70,319.3 1 0
github.com/Destraag/toroidzip/codec/codec.go:320.2,320.60 1 1
github.com/Destraag/toroidzip/codec/codec.go:320.60,322.3 1 0
github.com/Destraag/toroidzip/codec/codec.go:323.2,323.49 1 1
github.com/Destraag/toroidzip/codec/codec.go:323.49,325.3 1 0
github.com/Destraag/toroidzip/codec/codec.go:326.2,326.51 1 1
github.com/Destraag/toroidzip/codec/codec.go:330.45,332.55 2 1
github.com/Destraag/toroidzip/codec/codec.go:332.55,334.3 1 1
github.com/Destraag/toroidzip/codec/codec.go:335.2,335.23 1 1
github.com/Destraag/toroidzip/codec/codec.go:335.23,337.3 1 1
github.com/Destraag/toroidzip/codec/codec.go:338.2,339.16 2 1
github.com/Destraag/toroidzip/codec/codec.go:339.16,341.3 1 1
github.com/Destraag/toroidzip/codec/codec.go:342.2,342.13 1 1
github.com/Destraag/toroidzip/codec/codec.go:343.18,344.21 1 1
github.com/Destraag/toroidzip/codec/codec.go:345.23,346.21 1 1
github.com/Destraag/toroidzip/codec/codec.go:347.24,348.21 1 1
github.com/Destraag/toroidzip/codec/codec.go:349.23,350.21 1 1
github.com/Destraag/toroidzip/codec/codec.go:351.10,352.75 1 1
github.com/Destraag/toroidzip/codec/codec.go:357.47,359.16 2 1
github.com/Destraag/toroidzip/codec/codec.go:359.16,361.3 1 0
github.com/Destraag/toroidzip/codec/codec.go:362.2,364.40 2 1
github.com/Destraag/toroidzip/codec/codec.go:364.40,366.3 1 0
github.com/Destraag/toroidzip/codec/codec.go:368.2,369.16 2 1
github.com/Destraag/toroidzip/codec/codec.go:369.16,371.3 1 0
github.com/Destraag/toroidzip/codec/codec.go:372.2,372.16 1 1
github.com/Destraag/toroidzip/codec/codec.go:372.16,374.3 1 0
github.com/Destraag/toroidzip/codec/codec.go:376.2,378.16 3 1
github.com/Destraag/toroidzip/codec/codec.go:378.16,380.3 1 0
github.com/Destraag/toroidzip/codec/codec.go:382.2,383.34 2 1
github.com/Destraag/toroidzip/codec/codec.go:383.34,385.3 1 1
github.com/Destraag/toroidzip/codec/codec.go:387.2,387.37 1 1
github.com/Destraag/toroidzip/codec/codec.go:387.37,389.17 2 1
github.com/Destraag/toroidzip/codec/codec.go:389.17,391.4 1 0
github.com/Destraag/toroidzip/codec/codec.go:392.3,393.17 2 1
github.com/Destraag/toroidzip/codec/codec.go:393.17,395.4 1 0
github.com/Destraag/toroidzip/codec/codec.go:396.3,397.50 2 1
github.com/Destraag/toroidzip/codec/codec.go:397.50,399.36 2 1
github.com/Destraag/toroidzip/codec/codec.go:399.36,401.5 1 1
github.com/Destraag/toroidzip/codec/codec.go:402.9,402.42 1 1
github.com/Destraag/toroidzip/codec/codec.go:402.42,404.4 1 1
github.com/Destraag/toroidzip/codec/codec.go:404.9,406.4 1 1
github.com/Destraag/toroidzip/codec/codec.go:408.2,408.20 1 1
github.com/Destraag/toroidzip/codec/codec.go:413.87,416.16 3 1
github.com/Destraag/toroidzip/codec/codec.go:416.16,419.3 2 0
github.com/Destraag/toroidzip/codec/codec.go:420.2,421.40 2 1
github.com/Destraag/toroidzip/codec/codec.go:421.40,424.3 2 1
github.com/Destraag/toroidzip/codec/codec.go:425.2,426.16 2 1
github.com/Destraag/toroidzip/codec/codec.go:426.16,429.3 2 1
github.com/Destraag/toroidzip/codec/codec.go:430.2,430.16 1 1
github.com/Destraag/toroidzip/codec/codec.go:430.16,432.3 1 0
github.com/Destraag/toroidzip/codec/codec.go:433.2,433.8 1 1
github.com/Destraag/toroidzip/codec/codec.go:437.52,439.23 2 1
github.com/Destraag/toroidzip/codec/codec.go:439.23,441.17 2 1
github.com/Destraag/toroidzip/codec/codec.go:441.17,443.4 1 0
github.com/Destraag/toroidzip/codec/codec.go:444.3,444.15 1 1
github.com/Destraag/toroidzip/codec/codec.go:446.2,446.19 1 1
github.com/Destraag/toroidzip/codec/codec.go:450.47,452.16 2 1
github.com/Destraag/toroidzip/codec/codec.go:452.16,454.3 1 1
github.com/Destraag/toroidzip/codec/codec.go:455.2,456.16 2 1
github.com/Destraag/toroidzip/codec/codec.go:456.16,458.3 1 0
github.com/Destraag/toroidzip/codec/codec.go:459.2,459.43 1 1
github.com/Destraag/toroidzip/codec/codec.go:463.47,465.16 2 1
github.com/Destraag/toroidzip/codec/codec.go:465.16,467.3 1 1
github.com/Destraag/toroidzip/codec/codec.go:468.2,469.16 2 1
github.com/Destraag/toroidzip/codec/codec.go:469.16,471.3 1 0
github.com/Destraag/toroidzip/codec/codec.go:472.2,473.16 2 1
github.com/Destraag/toroidzip/codec/codec.go:473.16,475.3 1 0
github.com/Destraag/toroidzip/codec/codec.go:476.2,476.55 1 1
github.com/Destraag/toroidzip/codec/codec.go:481.111,484.16 2 1
github.com/Destraag/toroidzip/codec/codec.go:484.16,486.3 1 0
github.com/Destraag/toroidzip/codec/codec.go:487.2,488.17 2 1
github.com/Destraag/toroidzip/codec/codec.go:488.17,489.55 1 1
github.com/Destraag/toroidzip/codec/codec.go:489.55,491.4 1 0
github.com/Destraag/toroidzip/codec/codec.go:495.2,496.16 2 1
github.com/Destraag/toroidzip/codec/codec.go:496.16,498.3 1 0
github.com/Destraag/toroidzip/codec/codec.go:501.2,502.16 2 1
github.com/Destraag/toroidzip/codec/codec.go:502.16,504.3 1 0
github.com/Destraag/toroidzip/codec/codec.go:505.2,509.16 4 1
github.com/Destraag/toroidzip/codec/codec.go:509.16,511.3 1 0
github.com/Destraag/toroidzip/codec/codec.go:513.2,514.34 2 1
github.com/Destraag/toroidzip/codec/codec.go:514.34,516.3 1 1
github.com/Destraag/toroidzip/codec/codec.go:518.2,518.34 1 1
github.com/Destraag/toroidzip/codec/codec.go:518.34,520.16 2 1
github.com/Destraag/toroidzip/codec/codec.go:521.22,523.27 1 1
github.com/Destraag/toroidzip/codec/codec.go:524.20,526.16 2 1
github.com/Destraag/toroidzip/codec/codec.go:526.16,528.35 2 1
github.com/Destraag/toroidzip/codec/codec.go:529.12,531.20 2 1
github.com/Destraag/toroidzip/codec/codec.go:531.20,533.7 1 0
github.com/Destraag/toroidzip/codec/codec.go:534.6,534.21 1 1
github.com/Destraag/toroidzip/codec/codec.go:535.12,537.20 2 1
github.com/Destraag/toroidzip/codec/codec.go:537.20,539.7 1 0
github.com/Destraag/toroidzip/codec/codec.go:540.6,540.21 1 1
github.com/Destraag/toroidzip/codec/codec.go:541.13,543.20 2 1
github.com/Destraag/toroidzip/codec/codec.go:543.20,545.7 1 0
github.com/Destraag/toroidzip/codec/codec.go:546.6,546.13 1 1
github.com/Destraag/toroidzip/codec/codec.go:548.5,548.39 1 1
github.com/Destraag/toroidzip/codec/codec.go:549.10,551.19 2 1
github.com/Destraag/toroidzip/codec/codec.go:551.19,553.6 1 0
github.com/Destraag/toroidzip/codec/codec.go:555.4,555.36 1 1
github.com/Destraag/toroidzip/codec/codec.go:555.36,557.5 1 1
github.com/Destraag/toroidzip/codec/codec.go:557.10,559.5 1 1
github.com/Destraag/toroidzip/codec/codec.go:560.59,562.18 2 1
github.com/Destraag/toroidzip/codec/codec.go:562.18,564.5 1 0
github.com/Destraag/toroidzip/codec/codec.go:565.4,566.36 2 1
github.com/Destraag/toroidzip/codec/codec.go:566.36,568.5 1 1
github.com/Destraag/toroidzip/codec/codec.go:569.11,570.81 1 0
github.com/Destraag/toroidzip/codec/codec.go:573.2,573.20 1 1
github.com/Destraag/toroidzip/codec/codec.go:587.90,590.28 3 1
github.com/Destraag/toroidzip/codec/codec.go:590.28,592.3 1 1
github.com/Destraag/toroidzip/codec/codec.go:593.2,601.27 7 1
github.com/Destraag/toroidzip/codec/codec.go:601.27,603.3 1 1
github.com/Destraag/toroidzip/codec/codec.go:605.2,605.35 1 1
github.com/Destraag/toroidzip/codec/codec.go:605.35,606.16 1 1
github.com/Destraag/toroidzip/codec/codec.go:606.16,610.29 4 1
github.com/Destraag/toroidzip/codec/codec.go:610.29,612.5 1 1
github.com/Destraag/toroidzip/codec/codec.go:613.4,613.12 1 1
github.com/Destraag/toroidzip/codec/codec.go:616.3,617.78 2 1
github.com/Destraag/toroidzip/codec/codec.go:617.78,620.4 2 0
github.com/Destraag/toroidzip/codec/codec.go:622.3,622.16 1 1
github.com/Destraag/toroidzip/codec/codec.go:623.22,624.50 1 0
github.com/Destraag/toroidzip/codec/codec.go:627.20,631.18 4 1
github.com/Destraag/toroidzip/codec/codec.go:631.18,633.5 1 1
github.com/Destraag/toroidzip/codec/codec.go:633.10,635.5 1 1
github.com/Destraag/toroidzip/codec/codec.go:636.4,636.20 1 1
github.com/Destraag/toroidzip/codec/codec.go:636.20,641.5 3 1
github.com/Destraag/toroidzip/codec/codec.go:641.10,646.5 2 1
github.com/Destraag/toroidzip/codec/codec.go:647.4,647.29 1 1
github.com/Destraag/toroidzip/codec/codec.go:647.29,649.5 1 1
github.com/Destraag/toroidzip/codec/codec.go:649.10,651.5 1 1
github.com/Destraag/toroidzip/codec/codec.go:653.44,657.29 4 1
github.com/Destraag/toroidzip/codec/codec.go:657.29,659.5 1 0
github.com/Destraag/toroidzip/codec/codec.go:662.2,662.26 1 1
github.com/Destraag/toroidzip/codec/codec.go:666.91,667.26 1 1
github.com/Destraag/toroidzip/codec/codec.go:667.26,668.43 1 1
github.com/Destraag/toroidzip/codec/codec.go:668.43,670.4 1 0
github.com/Destraag/toroidzip/codec/codec.go:672.2,673.56 2 1
github.com/Destraag/toroidzip/codec/codec.go:673.56,675.3 1 0
github.com/Destraag/toroidzip/codec/codec.go:676.2,676.39 1 1
github.com/Destraag/toroidzip/codec/codec.go:676.39,678.3 1 0
github.com/Destraag/toroidzip/codec/codec.go:679.2,680.12 2 1
github.com/Destraag/toroidzip/codec/codec.go:690.78,692.28 2 1
github.com/Destraag/toroidzip/codec/codec.go:692.28,694.3 1 1
github.com/Destraag/toroidzip/codec/codec.go:695.2,697.45 3 1
github.com/Destraag/toroidzip/codec/codec.go:697.45,699.3 1 0
github.com/Destraag/toroidzip/codec/codec.go:700.2,700.54 1 1
github.com/Destraag/toroidzip/codec/codec.go:700.54,702.3 1 0
github.com/Destraag/toroidzip/codec/codec.go:703.2,703.59 1 1
github.com/Destraag/toroidzip/codec/codec.go:703.59,705.3 1 0
github.com/Destraag/toroidzip/codec/codec.go:706.2,706.70 1 1
github.com/Destraag/toroidzip/codec/codec.go:706.70,708.3 1 0
github.com/Destraag/toroidzip/codec/codec.go:709.2,709.60 1 1
github.com/Destraag/toroidzip/codec/codec.go:709.60,711.3 1 0
github.com/Destraag/toroidzip/codec/codec.go:712.2,712.49 1 1
github.com/Destraag/toroidzip/codec/codec.go:712.49,714.3 1 0
github.com/Destraag/toroidzip/codec/codec.go:715.2,715.52 1 1
github.com/Destraag/toroidzip/codec/codec.go:719.54,721.23 2 1
github.com/Destraag/toroidzip/codec/codec.go:721.23,723.17 2 1
github.com/Destraag/toroidzip/codec/codec.go:723.17,725.4 1 0
github.com/Destraag/toroidzip/codec/codec.go:726.3,726.15 1 1
github.com/Destraag/toroidzip/codec/codec.go:728.2,728.19 1 1
github.com/Destraag/toroidzip/codec/codec.go:732.47,734.16 2 1
github.com/Destraag/toroidzip/codec/codec.go:734.16,736.3 1 0
github.com/Destraag/toroidzip/codec/codec.go:737.2,738.16 2 1
github.com/Destraag/toroidzip/codec/codec.go:738.16,740.3 1 0
github.com/Destraag/toroidzip/codec/codec.go:741.2,742.16 2 1
github.com/Destraag/toroidzip/codec/codec.go:742.16,744.3 1 0
github.com/Destraag/toroidzip/codec/codec.go:745.2,745.56 1 1
github.com/Destraag/toroidzip/codec/codec.go:752.113,754.16 2 1
github.com/Destraag/toroidzip/codec/codec.go:754.16,756.3 1 0
github.com/Destraag/toroidzip/codec/codec.go:757.2,758.17 2 1
github.com/Destraag/toroidzip/codec/codec.go:758.17,759.55 1 1
github.com/Destraag/toroidzip/codec/codec.go:759.55,761.4 1 0
github.com/Destraag/toroidzip/codec/codec.go:764.2,765.16 2 1
github.com/Destraag/toroidzip/codec/codec.go:765.16,767.3 1 0
github.com/Destraag/toroidzip/codec/codec.go:769.2,770.16 2 1
github.com/Destraag/toroidzip/codec/codec.go:770.16,772.3 1 0
github.com/Destraag/toroidzip/codec/codec.go:773.2,777.16 4 1
github.com/Destraag/toroidzip/codec/codec.go:777.16,779.3 1 0
github.com/Destraag/toroidzip/codec/codec.go:781.2,782.34 2 1
github.com/Destraag/toroidzip/codec/codec.go:782.34,784.3 1 1
github.com/Destraag/toroidzip/codec/codec.go:786.2,786.34 1 1
github.com/Destraag/toroidzip/codec/codec.go:786.34,788.16 2 1
github.com/Destraag/toroidzip/codec/codec.go:789.22,790.27 1 0
github.com/Destraag/toroidzip/codec/codec.go:792.20,794.18 2 1
github.com/Destraag/toroidzip/codec/codec.go:794.18,796.5 1 0
github.com/Destraag/toroidzip/codec/codec.go:797.4,798.36 2 1
github.com/Destraag/toroidzip/codec/codec.go:798.36,800.5 1 1
github.com/Destraag/toroidzip/codec/codec.go:800.10,802.5 1 1
github.com/Destraag/toroidzip/codec/codec.go:804.25,806.18 2 1
github.com/Destraag/toroidzip/codec/codec.go:806.18,808.5 1 0
github.com/Destraag/toroidzip/codec/codec.go:809.4,809.36 1 1
github.com/Destraag/toroidzip/codec/codec.go:809.36,811.5 1 1
github.com/Destraag/toroidzip/codec/codec.go:811.10,813.5 1 1
github.com/Destraag/toroidzip/codec/codec.go:815.59,817.18 2 1
github.com/Destraag/toroidzip/codec/codec.go:817.18,819.5 1 0
github.com/Destraag/toroidzip/codec/codec.go:820.4,821.36 2 1
github.com/Destraag/toroidzip/codec/codec.go:821.36,823.5 1 1
github.com/Destraag/toroidzip/codec/codec.go:825.11,826.81 1 0
github.com/Destraag/toroidzip/codec/codec.go:829.2,829.20 1 1
github.com/Destraag/toroidzip/codec/codec.go:841.40,842.12 1 1
github.com/Destraag/toroidzip/codec/codec.go:842.12,844.3 1 1
github.com/Destraag/toroidzip/codec/codec.go:845.2,845.65 1 1
github.com/Destraag/toroidzip/codec/codec.go:849.53,857.2 6 1
github.com/Destraag/toroidzip/codec/codec.go:861.64,862.87 1 1
github.com/Destraag/toroidzip/codec/codec.go:862.87,864.3 1 1
github.com/Destraag/toroidzip/codec/codec.go:865.2,866.31 2 1
github.com/Destraag/toroidzip/codec/codec.go:871.43,874.2 2 1
github.com/Destraag/toroidzip/codec/codec.go:876.47,881.2 4 1
github.com/Destraag/toroidzip/codec/codec.go:883.47,888.2 4 1
github.com/Destraag/toroidzip/codec/codec.go:890.49,892.2 1 1
github.com/Destraag/toroidzip/codec/codec.go:894.42,898.2 3 1
github.com/Destraag/toroidzip/codec/codec.go:900.46,904.2 3 1
github.com/Destraag/toroidzip/codec/codec.go:906.46,910.2 3 1
github.com/Destraag/toroidzip/codec/codec.go:912.48,915.2 2 1
github.com/Destraag/toroidzip/codec/codec.go:917.46,921.2 3 1
github.com/Destraag/toroidzip/codec/quantize.go:32.52,37.16 4 1
github.com/Destraag/toroidzip/codec/quantize.go:37.16,39.3 1 1
github.com/Destraag/toroidzip/codec/quantize.go:39.8,41.3 1 1
github.com/Destraag/toroidzip/codec/quantize.go:44.2,47.19 4 1
github.com/Destraag/toroidzip/codec/quantize.go:47.19,49.3 1 1
github.com/Destraag/toroidzip/codec/quantize.go:50.2,50.12 1 1
github.com/Destraag/toroidzip/codec/quantize.go:55.52,58.19 3 1
github.com/Destraag/toroidzip/codec/quantize.go:58.19,60.3 1 0
github.com/Destraag/toroidzip/codec/quantize.go:62.2,65.26 3 1
github.com/Destraag/toroidzip/codec/quantize.go:97.30,98.14 1 1
github.com/Destraag/toroidzip/codec/quantize.go:98.14,100.3 1 1
github.com/Destraag/toroidzip/codec/quantize.go:101.2,101.15 1 1
github.com/Destraag/toroidzip/codec/quantize.go:101.15,103.3 1 1
github.com/Destraag/toroidzip/codec/quantize.go:104.2,104.13 1 1
github.com/Destraag/toroidzip/codec/quantize.go:112.57,113.22 1 1
github.com/Destraag/toroidzip/codec/quantize.go:113.22,115.3 1 1
github.com/Destraag/toroidzip/codec/quantize.go:118.2,119.27 2 1
github.com/Destraag/toroidzip/codec/quantize.go:119.27,120.12 1 1
github.com/Destraag/toroidzip/codec/quantize.go:120.12,122.51 2 1
github.com/Destraag/toroidzip/codec/quantize.go:122.51,124.5 1 1
github.com/Destraag/toroidzip/codec/quantize.go:128.2,136.27 5 1
github.com/Destraag/toroidzip/codec/quantize.go:136.27,137.28 1 1
github.com/Destraag/toroidzip/codec/quantize.go:137.28,139.4 1 1
github.com/Destraag/toroidzip/codec/quantize.go:140.3,140.40 1 1
github.com/Destraag/toroidzip/codec/quantize.go:140.40,140.68 1 1
github.com/Destraag/toroidzip/codec/quantize.go:141.3,142.30 2 1
github.com/Destraag/toroidzip/codec/quantize.go:142.30,144.44 2 1
github.com/Destraag/toroidzip/codec/quantize.go:144.44,146.5 1 1
github.com/Destraag/toroidzip/codec/quantize.go:147.4,149.9 3 1
github.com/Destraag/toroidzip/codec/quantize.go:151.3,151.21 1 1
github.com/Destraag/toroidzip/codec/quantize.go:157.2,159.24 3 1
github.com/Destraag/toroidzip/codec/quantize.go:159.24,161.28 2 1
github.com/Destraag/toroidzip/codec/quantize.go:161.28,162.52 1 1
github.com/Destraag/toroidzip/codec/quantize.go:162.52,164.5 1 1
github.com/Destraag/toroidzip/codec/quantize.go:169.2,169.47 1 1
github.com/Destraag/toroidzip/codec/quantize.go:170.9,171.26 1 1
github.com/Destraag/toroidzip/codec/quantize.go:172.9,173.27 1 0
github.com/Destraag/toroidzip/codec/quantize.go:174.10,175.27 1 1
github.com/Destraag/toroidzip/codec/quantize.go:177.2,181.27 3 1
github.com/Destraag/toroidzip/codec/quantize.go:181.27,182.49 1 1
github.com/Destraag/toroidzip/codec/quantize.go:182.49,184.4 1 1
github.com/Destraag/toroidzip/codec/quantize.go:186.2,188.12 2 1
github.com/Destraag/toroidzip/codec/quantize.go:200.31,201.11 1 1
github.com/Destraag/toroidzip/codec/quantize.go:201.11,203.3 1 1
github.com/Destraag/toroidzip/codec/quantize.go:204.2,204.11 1 1
github.com/Destraag/toroidzip/codec/quantize.go:204.11,206.3 1 1
github.com/Destraag/toroidzip/codec/quantize.go:207.2,209.11 3 1
github.com/Destraag/toroidzip/codec/quantize.go:209.11,211.3 1 0
github.com/Destraag/toroidzip/codec/quantize.go:212.2,212.12 1 1
github.com/Destraag/toroidzip/codec/quantize.go:212.12,214.3 1 0
github.com/Destraag/toroidzip/codec/quantize.go:215.2,215.10 1 1
github.com/Destraag/toroidzip/codec/quantize.go:221.31,225.18 3 1
github.com/Destraag/toroidzip/codec/quantize.go:225.18,227.3 1 0
github.com/Destraag/toroidzip/codec/quantize.go:228.2,229.12 2 1
github.com/Destraag/toroidzip/codec/quantize.go:229.12,231.3 1 1
github.com/Destraag/toroidzip/codec/quantize.go:232.2,232.11 1 1
github.com/Destraag/toroidzip/codec/quantize.go:240.37,242.9 2 1
github.com/Destraag/toroidzip/codec/quantize.go:243.17,244.11 1 1
github.com/Destraag/toroidzip/codec/quantize.go:245.18,246.11 1 1
github.com/Destraag/toroidzip/codec/quantize.go:247.10,248.11 1 1
github.com/Destraag/toroidzip/codec/rans.go:56.50,59.35 3 1
github.com/Destraag/toroidzip/codec/rans.go:59.35,61.35 2 1
github.com/Destraag/toroidzip/codec/rans.go:61.35,63.4 1 1
github.com/Destraag/toroidzip/codec/rans.go:64.3,64.16 1 1
github.com/Destraag/toroidzip/codec/rans.go:66.2,66.10 1 1
github.com/Destraag/toroidzip/codec/rans.go:72.47,74.28 2 1
github.com/Destraag/toroidzip/codec/rans.go:74.28,75.27 1 1
github.com/Destraag/toroidzip/codec/rans.go:75.27,77.4 1 1
github.com/Destraag/toroidzip/codec/rans.go:79.2,79.32 1 1
github.com/Destraag/toroidzip/codec/rans.go:83.60,85.24 2 1
github.com/Destraag/toroidzip/codec/rans.go:85.24,87.3 1 1
github.com/Destraag/toroidzip/codec/rans.go:89.2,90.16 2 1
github.com/Destraag/toroidzip/codec/rans.go:90.16,93.24 2 1
github.com/Destraag/toroidzip/codec/rans.go:93.24,95.4 1 1
github.com/Destraag/toroidzip/codec/rans.go:96.3,97.15 2 1
github.com/Destraag/toroidzip/codec/rans.go:101.2,103.24 3 1
github.com/Destraag/toroidzip/codec/rans.go:103.24,105.12 2 1
github.com/Destraag/toroidzip/codec/rans.go:105.12,107.4 1 1
github.com/Destraag/toroidzip/codec/rans.go:108.3,110.17 3 1
github.com/Destraag/toroidzip/codec/rans.go:110.17,112.4 1 1
github.com/Destraag/toroidzip/codec/rans.go:116.2,116.9 1 1
github.com/Destraag/toroidzip/codec/rans.go:117.19,118.31 1 1
github.com/Destraag/toroidzip/codec/rans.go:119.19,121.29 2 1
github.com/Destraag/toroidzip/codec/rans.go:121.29,123.4 1 1
github.com/Destraag/toroidzip/codec/rans.go:123.9,125.25 1 0
github.com/Destraag/toroidzip/codec/rans.go:125.25,126.35 1 0
github.com/Destraag/toroidzip/codec/rans.go:126.35,129.6 2 0
github.com/Destraag/toroidzip/codec/rans.go:134.2,134.14 1 1
github.com/Destraag/toroidzip/codec/rans.go:141.57,142.23 1 1
github.com/Destraag/toroidzip/codec/rans.go:142.23,144.3 1 1
github.com/Destraag/toroidzip/codec/rans.go:145.2,152.41 4 1
github.com/Destraag/toroidzip/codec/rans.go:152.41,159.17 3 1
github.com/Destraag/toroidzip/codec/rans.go:159.17,162.4 2 1
github.com/Destraag/toroidzip/codec/rans.go:165.3,165.77 1 1
github.com/Destraag/toroidzip/codec/rans.go:169.2,173.53 3 1
github.com/Destraag/toroidzip/codec/rans.go:173.53,175.3 1 1
github.com/Destraag/toroidzip/codec/rans.go:177.2,180.12 4 1
github.com/Destraag/toroidzip/codec/rans.go:186.74,187.16 1 1
github.com/Destraag/toroidzip/codec/rans.go:187.16,189.3 1 1
github.com/Destraag/toroidzip/codec/rans.go:190.2,190.19 1 1
github.com/Destraag/toroidzip/codec/rans.go:190.19,192.3 1 1
github.com/Destraag/toroidzip/codec/rans.go:194.2,200.29 5 1
github.com/Destraag/toroidzip/codec/rans.go:200.29,211.25 6 1
github.com/Destraag/toroidzip/codec/rans.go:211.25,212.23 1 1
github.com/Destraag/toroidzip/codec/rans.go:212.23,215.5 2 1
github.com/Destraag/toroidzip/codec/rans.go:215.10,217.5 1 0
github.com/Destraag/toroidzip/codec/rans.go:221.2,221.21 1 1
github.com/Destraag/toroidzip/codec/rans.go:245.53,248.36 3 1
github.com/Destraag/toroidzip/codec/rans.go:248.36,250.35 2 1
github.com/Destraag/toroidzip/codec/rans.go:250.35,252.4 1 1
github.com/Destraag/toroidzip/codec/rans.go:253.3,253.16 1 1
github.com/Destraag/toroidzip/codec/rans.go:255.2,255.10 1 1
github.com/Destraag/toroidzip/codec/rans.go:259.63,261.24 2 1
github.com/Destraag/toroidzip/codec/rans.go:261.24,263.3 1 1
github.com/Destraag/toroidzip/codec/rans.go:265.2,266.16 2 1
github.com/Destraag/toroidzip/codec/rans.go:266.16,268.24 2 1
github.com/Destraag/toroidzip/codec/rans.go:268.24,270.4 1 1
github.com/Destraag/toroidzip/codec/rans.go:271.3,272.15 2 1
github.com/Destraag/toroidzip/codec/rans.go:275.2,277.24 3 1
github.com/Destraag/toroidzip/codec/rans.go:277.24,279.12 2 1
github.com/Destraag/toroidzip/codec/rans.go:279.12,281.4 1 1
github.com/Destraag/toroidzip/codec/rans.go:282.3,284.17 3 1
github.com/Destraag/toroidzip/codec/rans.go:284.17,286.4 1 1
github.com/Destraag/toroidzip/codec/rans.go:289.2,289.9 1 1
github.com/Destraag/toroidzip/codec/rans.go:290.19,291.31 1 0
github.com/Destraag/toroidzip/codec/rans.go:292.19,294.29 2 1
github.com/Destraag/toroidzip/codec/rans.go:294.29,296.4 1 1
github.com/Destraag/toroidzip/codec/rans.go:296.9,297.25 1 0
github.com/Destraag/toroidzip/codec/rans.go:297.25,298.35 1 0
github.com/Destraag/toroidzip/codec/rans.go:298.35,301.6 2 0
github.com/Destraag/toroidzip/codec/rans.go:306.2,306.14 1 1
github.com/Destraag/toroidzip/codec/rans.go:311.49,313.28 2 1
github.com/Destraag/toroidzip/codec/rans.go:313.28,314.28 1 1
github.com/Destraag/toroidzip/codec/rans.go:314.28,316.4 1 1
github.com/Destraag/toroidzip/codec/rans.go:318.2,318.33 1 1
github.com/Destraag/toroidzip/codec/rans.go:323.59,324.23 1 1
github.com/Destraag/toroidzip/codec/rans.go:324.23,326.3 1 1
github.com/Destraag/toroidzip/codec/rans.go:327.2,332.41 4 1
github.com/Destraag/toroidzip/codec/rans.go:332.41,335.17 3 1
github.com/Destraag/toroidzip/codec/rans.go:335.17,338.4 2 1
github.com/Destraag/toroidzip/codec/rans.go:339.3,339.77 1 1
github.com/Destraag/toroidzip/codec/rans.go:342.2,345.53 3 1
github.com/Destraag/toroidzip/codec/rans.go:345.53,347.3 1 1
github.com/Destraag/toroidzip/codec/rans.go:349.2,352.12 4 1
github.com/Destraag/toroidzip/codec/rans.go:357.76,358.16 1 1
github.com/Destraag/toroidzip/codec/rans.go:358.16,360.3 1 1
github.com/Destraag/toroidzip/codec/rans.go:361.2,361.19 1 1
github.com/Destraag/toroidzip/codec/rans.go:361.19,363.3 1 1
github.com/Destraag/toroidzip/codec/rans.go:365.2,370.29 5 1
github.com/Destraag/toroidzip/codec/rans.go:370.29,378.25 6 1
github.com/Destraag/toroidzip/codec/rans.go:378.25,379.23 1 1
github.com/Destraag/toroidzip/codec/rans.go:379.23,382.5 2 1
github.com/Destraag/toroidzip/codec/rans.go:382.10,384.5 1 0
github.com/Destraag/toroidzip/codec/rans.go:388.2,388.21 1 1
