mode: set
github.com/Destraag/toroidzip/codec/analyze.go:42.66,43.45 1 1
github.com/Destraag/toroidzip/codec/analyze.go:43.45,45.3 1 1
github.com/Destraag/toroidzip/codec/analyze.go:47.2,48.31 2 1
github.com/Destraag/toroidzip/codec/analyze.go:48.31,49.14 1 1
github.com/Destraag/toroidzip/codec/analyze.go:49.14,50.12 1 0
github.com/Destraag/toroidzip/codec/analyze.go:52.3,52.68 1 1
github.com/Destraag/toroidzip/codec/analyze.go:52.68,55.4 2 1
github.com/Destraag/toroidzip/codec/analyze.go:58.2,58.20 1 1
github.com/Destraag/toroidzip/codec/analyze.go:58.20,60.3 1 0
github.com/Destraag/toroidzip/codec/analyze.go:62.2,68.26 5 1
github.com/Destraag/toroidzip/codec/analyze.go:68.26,69.57 1 1
github.com/Destraag/toroidzip/codec/analyze.go:69.57,71.9 2 0
github.com/Destraag/toroidzip/codec/analyze.go:76.2,76.20 1 1
github.com/Destraag/toroidzip/codec/analyze.go:76.20,78.27 2 1
github.com/Destraag/toroidzip/codec/analyze.go:78.27,79.28 1 1
github.com/Destraag/toroidzip/codec/analyze.go:79.28,81.5 1 1
github.com/Destraag/toroidzip/codec/analyze.go:83.3,85.27 3 1
github.com/Destraag/toroidzip/codec/analyze.go:85.27,86.32 1 1
github.com/Destraag/toroidzip/codec/analyze.go:86.32,88.5 1 1
github.com/Destraag/toroidzip/codec/analyze.go:90.8,90.26 1 0
github.com/Destraag/toroidzip/codec/analyze.go:90.26,92.3 1 0
github.com/Destraag/toroidzip/codec/analyze.go:94.2,94.12 1 1
github.com/Destraag/toroidzip/codec/analyze.go:100.77,106.22 2 1
github.com/Destraag/toroidzip/codec/analyze.go:106.22,108.3 1 0
github.com/Destraag/toroidzip/codec/analyze.go:110.2,112.29 3 1
github.com/Destraag/toroidzip/codec/analyze.go:112.29,114.3 1 1
github.com/Destraag/toroidzip/codec/analyze.go:116.2,119.35 3 1
github.com/Destraag/toroidzip/codec/analyze.go:119.35,121.22 1 1
github.com/Destraag/toroidzip/codec/analyze.go:121.22,123.31 2 1
github.com/Destraag/toroidzip/codec/analyze.go:123.31,125.5 1 1
github.com/Destraag/toroidzip/codec/analyze.go:126.4,126.12 1 1
github.com/Destraag/toroidzip/codec/analyze.go:129.3,130.27 2 1
github.com/Destraag/toroidzip/codec/analyze.go:130.27,132.30 1 1
github.com/Destraag/toroidzip/codec/analyze.go:132.30,134.32 2 0
github.com/Destraag/toroidzip/codec/analyze.go:134.32,136.6 1 0
github.com/Destraag/toroidzip/codec/analyze.go:138.4,138.12 1 1
github.com/Destraag/toroidzip/codec/analyze.go:142.3,143.30 2 1
github.com/Destraag/toroidzip/codec/analyze.go:143.30,146.4 2 1
github.com/Destraag/toroidzip/codec/analyze.go:146.9,149.4 2 1
github.com/Destraag/toroidzip/codec/analyze.go:151.3,152.16 2 1
github.com/Destraag/toroidzip/codec/analyze.go:152.16,155.25 3 1
github.com/Destraag/toroidzip/codec/analyze.go:155.25,157.5 1 1
github.com/Destraag/toroidzip/codec/analyze.go:158.4,158.11 1 1
github.com/Destraag/toroidzip/codec/analyze.go:162.2,162.15 1 1
github.com/Destraag/toroidzip/codec/analyze.go:162.15,164.3 1 1
github.com/Destraag/toroidzip/codec/analyze.go:165.2,165.12 1 1
github.com/Destraag/toroidzip/codec/analyze.go:169.61,171.25 2 1
github.com/Destraag/toroidzip/codec/analyze.go:171.25,172.21 1 1
github.com/Destraag/toroidzip/codec/analyze.go:172.21,174.4 1 1
github.com/Destraag/toroidzip/codec/analyze.go:176.2,176.12 1 1
github.com/Destraag/toroidzip/codec/analyze.go:183.97,184.46 1 0
github.com/Destraag/toroidzip/codec/analyze.go:184.46,186.3 1 0
github.com/Destraag/toroidzip/codec/analyze.go:187.2,190.34 4 0
github.com/Destraag/toroidzip/codec/analyze.go:190.34,192.3 1 0
github.com/Destraag/toroidzip/codec/analyze.go:193.2,193.35 1 0
github.com/Destraag/toroidzip/codec/analyze.go:193.35,194.30 1 0
github.com/Destraag/toroidzip/codec/analyze.go:194.30,196.36 2 0
github.com/Destraag/toroidzip/codec/analyze.go:196.36,198.5 1 0
github.com/Destraag/toroidzip/codec/analyze.go:199.4,199.12 1 0
github.com/Destraag/toroidzip/codec/analyze.go:201.3,202.16 2 0
github.com/Destraag/toroidzip/codec/analyze.go:203.20,205.36 2 0
github.com/Destraag/toroidzip/codec/analyze.go:205.36,207.5 1 0
github.com/Destraag/toroidzip/codec/analyze.go:207.10,209.5 1 0
github.com/Destraag/toroidzip/codec/analyze.go:210.22,210.22 0 0
github.com/Destraag/toroidzip/codec/analyze.go:212.11,214.36 2 0
github.com/Destraag/toroidzip/codec/analyze.go:214.36,216.5 1 0
github.com/Destraag/toroidzip/codec/analyze.go:219.2,219.12 1 0
github.com/Destraag/toroidzip/codec/boundary.go:98.41,99.47 1 1
github.com/Destraag/toroidzip/codec/boundary.go:99.47,101.3 1 1
github.com/Destraag/toroidzip/codec/boundary.go:102.2,102.43 1 1
github.com/Destraag/toroidzip/codec/boundary.go:102.43,104.3 1 1
github.com/Destraag/toroidzip/codec/boundary.go:105.2,105.44 1 1
github.com/Destraag/toroidzip/codec/boundary.go:105.44,107.3 1 1
github.com/Destraag/toroidzip/codec/boundary.go:108.2,108.20 1 1
github.com/Destraag/toroidzip/codec/boundary.go:112.36,114.2 1 1
github.com/Destraag/toroidzip/codec/codec.go:58.70,59.22 1 1
github.com/Destraag/toroidzip/codec/codec.go:59.22,61.3 1 1
github.com/Destraag/toroidzip/codec/codec.go:62.2,62.32 1 1
github.com/Destraag/toroidzip/codec/codec.go:62.32,64.3 1 1
github.com/Destraag/toroidzip/codec/codec.go:65.2,65.26 1 1
github.com/Destraag/toroidzip/codec/codec.go:66.18,67.36 1 1
github.com/Destraag/toroidzip/codec/codec.go:68.23,69.41 1 1
github.com/Destraag/toroidzip/codec/codec.go:70.24,71.42 1 1
github.com/Destraag/toroidzip/codec/codec.go:72.10,73.84 1 0
github.com/Destraag/toroidzip/codec/codec.go:80.73,82.45 2 1
github.com/Destraag/toroidzip/codec/codec.go:82.45,84.3 1 0
github.com/Destraag/toroidzip/codec/codec.go:85.2,85.49 1 1
github.com/Destraag/toroidzip/codec/codec.go:85.49,87.3 1 0
github.com/Destraag/toroidzip/codec/codec.go:88.2,88.47 1 1
github.com/Destraag/toroidzip/codec/codec.go:88.47,90.3 1 0
github.com/Destraag/toroidzip/codec/codec.go:91.2,91.51 1 1
github.com/Destraag/toroidzip/codec/codec.go:91.51,93.3 1 0
github.com/Destraag/toroidzip/codec/codec.go:94.2,94.60 1 1
github.com/Destraag/toroidzip/codec/codec.go:94.60,96.3 1 0
github.com/Destraag/toroidzip/codec/codec.go:102.2,104.27 3 1
github.com/Destraag/toroidzip/codec/codec.go:104.27,106.3 1 1
github.com/Destraag/toroidzip/codec/codec.go:107.2,107.46 1 1
github.com/Destraag/toroidzip/codec/codec.go:107.46,109.3 1 0
github.com/Destraag/toroidzip/codec/codec.go:111.2,111.35 1 1
github.com/Destraag/toroidzip/codec/codec.go:111.35,112.16 1 1
github.com/Destraag/toroidzip/codec/codec.go:112.16,113.60 1 1
github.com/Destraag/toroidzip/codec/codec.go:113.60,115.5 1 0
github.com/Destraag/toroidzip/codec/codec.go:116.4,116.53 1 1
github.com/Destraag/toroidzip/codec/codec.go:116.53,118.5 1 0
github.com/Destraag/toroidzip/codec/codec.go:119.4,120.29 2 1
github.com/Destraag/toroidzip/codec/codec.go:120.29,122.5 1 0
github.com/Destraag/toroidzip/codec/codec.go:123.4,123.12 1 1
github.com/Destraag/toroidzip/codec/codec.go:126.3,127.78 2 1
github.com/Destraag/toroidzip/codec/codec.go:127.78,130.4 2 1
github.com/Destraag/toroidzip/codec/codec.go:132.3,132.51 1 1
github.com/Destraag/toroidzip/codec/codec.go:132.51,134.4 1 0
github.com/Destraag/toroidzip/codec/codec.go:135.3,135.48 1 1
github.com/Destraag/toroidzip/codec/codec.go:135.48,137.4 1 0
github.com/Destraag/toroidzip/codec/codec.go:139.3,139.10 1 1
github.com/Destraag/toroidzip/codec/codec.go:140.64,142.29 2 1
github.com/Destraag/toroidzip/codec/codec.go:142.29,144.5 1 1
github.com/Destraag/toroidzip/codec/codec.go:145.30,146.29 1 1
github.com/Destraag/toroidzip/codec/codec.go:147.28,148.23 1 1
github.com/Destraag/toroidzip/codec/codec.go:149.11,150.20 1 1
github.com/Destraag/toroidzip/codec/codec.go:153.2,153.12 1 1
github.com/Destraag/toroidzip/codec/codec.go:166.89,169.15 3 1
github.com/Destraag/toroidzip/codec/codec.go:169.15,171.3 1 1
github.com/Destraag/toroidzip/codec/codec.go:173.2,179.27 6 1
github.com/Destraag/toroidzip/codec/codec.go:179.27,181.3 1 1
github.com/Destraag/toroidzip/codec/codec.go:183.2,183.35 1 1
github.com/Destraag/toroidzip/codec/codec.go:183.35,184.16 1 1
github.com/Destraag/toroidzip/codec/codec.go:184.16,188.29 4 1
github.com/Destraag/toroidzip/codec/codec.go:188.29,190.5 1 1
github.com/Destraag/toroidzip/codec/codec.go:191.4,191.12 1 1
github.com/Destraag/toroidzip/codec/codec.go:194.3,196.78 2 1
github.com/Destraag/toroidzip/codec/codec.go:196.78,199.4 2 0
github.com/Destraag/toroidzip/codec/codec.go:201.3,202.16 2 1
github.com/Destraag/toroidzip/codec/codec.go:203.22,203.22 0 1
github.com/Destraag/toroidzip/codec/codec.go:205.20,206.44 1 1
github.com/Destraag/toroidzip/codec/codec.go:206.44,208.35 2 1
github.com/Destraag/toroidzip/codec/codec.go:209.12,210.44 1 1
github.com/Destraag/toroidzip/codec/codec.go:211.12,212.72 1 1
github.com/Destraag/toroidzip/codec/codec.go:213.13,214.64 1 1
github.com/Destraag/toroidzip/codec/codec.go:216.5,216.39 1 1
github.com/Destraag/toroidzip/codec/codec.go:217.10,219.5 1 1
github.com/Destraag/toroidzip/codec/codec.go:220.4,220.29 1 1
github.com/Destraag/toroidzip/codec/codec.go:220.29,222.5 1 1
github.com/Destraag/toroidzip/codec/codec.go:222.10,224.5 1 1
github.com/Destraag/toroidzip/codec/codec.go:225.44,229.29 3 1
github.com/Destraag/toroidzip/codec/codec.go:229.29,231.5 1 0
github.com/Destraag/toroidzip/codec/codec.go:235.2,235.26 1 1
github.com/Destraag/toroidzip/codec/codec.go:239.89,240.26 1 1
github.com/Destraag/toroidzip/codec/codec.go:240.26,241.43 1 1
github.com/Destraag/toroidzip/codec/codec.go:241.43,243.4 1 0
github.com/Destraag/toroidzip/codec/codec.go:245.2,246.56 2 1
github.com/Destraag/toroidzip/codec/codec.go:246.56,248.3 1 0
github.com/Destraag/toroidzip/codec/codec.go:249.2,249.39 1 1
github.com/Destraag/toroidzip/codec/codec.go:249.39,251.3 1 0
github.com/Destraag/toroidzip/codec/codec.go:252.2,253.12 2 1
github.com/Destraag/toroidzip/codec/codec.go:262.78,265.45 3 1
github.com/Destraag/toroidzip/codec/codec.go:265.45,267.3 1 0
github.com/Destraag/toroidzip/codec/codec.go:268.2,268.54 1 1
github.com/Destraag/toroidzip/codec/codec.go:268.54,270.3 1 0
github.com/Destraag/toroidzip/codec/codec.go:271.2,271.59 1 1
github.com/Destraag/toroidzip/codec/codec.go:271.59,273.3 1 0
github.com/Destraag/toroidzip/codec/codec.go:274.2,274.70 1 1
github.com/Destraag/toroidzip/codec/codec.go:274.70,276.3 1 0
github.com/Destraag/toroidzip/codec/codec.go:277.2,277.60 1 1
github.com/Destraag/toroidzip/codec/codec.go:277.60,279.3 1 0
github.com/Destraag/toroidzip/codec/codec.go:280.2,280.51 1 1
github.com/Destraag/toroidzip/codec/codec.go:289.79,291.15 2 1
github.com/Destraag/toroidzip/codec/codec.go:291.15,293.3 1 1
github.com/Destraag/toroidzip/codec/codec.go:294.2,296.45 3 1
github.com/Destraag/toroidzip/codec/codec.go:296.45,298.3 1 0
github.com/Destraag/toroidzip/codec/codec.go:299.2,299.55 1 1
github.com/Destraag/toroidzip/codec/codec.go:299.55,301.3 1 0
github.com/Destraag/toroidzip/codec/codec.go:302.2,302.59 1 1
github.com/Destraag/toroidzip/codec/codec.go:302.59,304.3 1 0
github.com/Destraag/toroidzip/codec/codec.go:305.2,305.70 1 1
github.com/Destraag/toroidzip/codec/codec.go:305.70,307.3 1 0
github.com/Destraag/toroidzip/codec/codec.go:308.2,308.60 1 1
github.com/Destraag/toroidzip/codec/codec.go:308.60,310.3 1 0
github.com/Destraag/toroidzip/codec/codec.go:311.2,311.49 1 1
github.com/Destraag/toroidzip/codec/codec.go:311.49,313.3 1 0
github.com/Destraag/toroidzip/codec/codec.go:314.2,314.51 1 1
github.com/Destraag/toroidzip/codec/codec.go:318.45,320.55 2 1
github.com/Destraag/toroidzip/codec/codec.go:320.55,322.3 1 1
github.com/Destraag/toroidzip/codec/codec.go:323.2,323.23 1 1
github.com/Destraag/toroidzip/codec/codec.go:323.23,325.3 1 1
github.com/Destraag/toroidzip/codec/codec.go:326.2,327.16 2 1
github.com/Destraag/toroidzip/codec/codec.go:327.16,329.3 1 1
github.com/Destraag/toroidzip/codec/codec.go:330.2,330.13 1 1
github.com/Destraag/toroidzip/codec/codec.go:331.18,332.21 1 1
github.com/Destraag/toroidzip/codec/codec.go:333.23,334.21 1 1
github.com/Destraag/toroidzip/codec/codec.go:335.24,336.21 1 1
github.com/Destraag/toroidzip/codec/codec.go:337.10,338.75 1 1
github.com/Destraag/toroidzip/codec/codec.go:343.47,345.16 2 1
github.com/Destraag/toroidzip/codec/codec.go:345.16,347.3 1 0
github.com/Destraag/toroidzip/codec/codec.go:348.2,350.40 2 1
github.com/Destraag/toroidzip/codec/codec.go:350.40,352.3 1 0
github.com/Destraag/toroidzip/codec/codec.go:354.2,355.16 2 1
github.com/Destraag/toroidzip/codec/codec.go:355.16,357.3 1 0
github.com/Destraag/toroidzip/codec/codec.go:358.2,358.16 1 1
github.com/Destraag/toroidzip/codec/codec.go:358.16,360.3 1 0
github.com/Destraag/toroidzip/codec/codec.go:362.2,364.16 3 1
github.com/Destraag/toroidzip/codec/codec.go:364.16,366.3 1 0
github.com/Destraag/toroidzip/codec/codec.go:368.2,369.34 2 1
github.com/Destraag/toroidzip/codec/codec.go:369.34,371.3 1 1
github.com/Destraag/toroidzip/codec/codec.go:373.2,373.37 1 1
github.com/Destraag/toroidzip/codec/codec.go:373.37,375.17 2 1
github.com/Destraag/toroidzip/codec/codec.go:375.17,377.4 1 0
github.com/Destraag/toroidzip/codec/codec.go:378.3,379.17 2 1
github.com/Destraag/toroidzip/codec/codec.go:379.17,381.4 1 0
github.com/Destraag/toroidzip/codec/codec.go:382.3,383.50 2 1
github.com/Destraag/toroidzip/codec/codec.go:383.50,385.36 2 1
github.com/Destraag/toroidzip/codec/codec.go:385.36,387.5 1 1
github.com/Destraag/toroidzip/codec/codec.go:388.9,388.42 1 1
github.com/Destraag/toroidzip/codec/codec.go:388.42,390.4 1 1
github.com/Destraag/toroidzip/codec/codec.go:390.9,392.4 1 1
github.com/Destraag/toroidzip/codec/codec.go:394.2,394.20 1 1
github.com/Destraag/toroidzip/codec/codec.go:399.87,402.16 3 1
github.com/Destraag/toroidzip/codec/codec.go:402.16,405.3 2 0
github.com/Destraag/toroidzip/codec/codec.go:406.2,407.40 2 1
github.com/Destraag/toroidzip/codec/codec.go:407.40,410.3 2 0
github.com/Destraag/toroidzip/codec/codec.go:411.2,412.16 2 1
github.com/Destraag/toroidzip/codec/codec.go:412.16,415.3 2 0
github.com/Destraag/toroidzip/codec/codec.go:416.2,416.16 1 1
github.com/Destraag/toroidzip/codec/codec.go:416.16,418.3 1 0
github.com/Destraag/toroidzip/codec/codec.go:419.2,419.8 1 1
github.com/Destraag/toroidzip/codec/codec.go:423.52,425.23 2 1
github.com/Destraag/toroidzip/codec/codec.go:425.23,427.17 2 1
github.com/Destraag/toroidzip/codec/codec.go:427.17,429.4 1 0
github.com/Destraag/toroidzip/codec/codec.go:430.3,430.15 1 1
github.com/Destraag/toroidzip/codec/codec.go:432.2,432.19 1 1
github.com/Destraag/toroidzip/codec/codec.go:436.47,438.16 2 1
github.com/Destraag/toroidzip/codec/codec.go:438.16,440.3 1 0
github.com/Destraag/toroidzip/codec/codec.go:441.2,442.16 2 1
github.com/Destraag/toroidzip/codec/codec.go:442.16,444.3 1 0
github.com/Destraag/toroidzip/codec/codec.go:445.2,445.43 1 1
github.com/Destraag/toroidzip/codec/codec.go:449.47,451.16 2 1
github.com/Destraag/toroidzip/codec/codec.go:451.16,453.3 1 0
github.com/Destraag/toroidzip/codec/codec.go:454.2,455.16 2 1
github.com/Destraag/toroidzip/codec/codec.go:455.16,457.3 1 0
github.com/Destraag/toroidzip/codec/codec.go:458.2,459.16 2 1
github.com/Destraag/toroidzip/codec/codec.go:459.16,461.3 1 0
github.com/Destraag/toroidzip/codec/codec.go:462.2,462.55 1 1
github.com/Destraag/toroidzip/codec/codec.go:467.111,470.16 2 1
github.com/Destraag/toroidzip/codec/codec.go:470.16,472.3 1 0
github.com/Destraag/toroidzip/codec/codec.go:473.2,474.17 2 1
github.com/Destraag/toroidzip/codec/codec.go:474.17,475.55 1 1
github.com/Destraag/toroidzip/codec/codec.go:475.55,477.4 1 0
github.com/Destraag/toroidzip/codec/codec.go:481.2,482.16 2 1
github.com/Destraag/toroidzip/codec/codec.go:482.16,484.3 1 0
github.com/Destraag/toroidzip/codec/codec.go:487.2,488.16 2 1
github.com/Destraag/toroidzip/codec/codec.go:488.16,490.3 1 0
github.com/Destraag/toroidzip/codec/codec.go:491.2,495.16 4 1
github.com/Destraag/toroidzip/codec/codec.go:495.16,497.3 1 0
github.com/Destraag/toroidzip/codec/codec.go:499.2,500.34 2 1
github.com/Destraag/toroidzip/codec/codec.go:500.34,502.3 1 1
github.com/Destraag/toroidzip/codec/codec.go:504.2,504.34 1 1
github.com/Destraag/toroidzip/codec/codec.go:504.34,506.16 2 1
github.com/Destraag/toroidzip/codec/codec.go:507.22,509.27 1 0
github.com/Destraag/toroidzip/codec/codec.go:510.20,512.16 2 1
github.com/Destraag/toroidzip/codec/codec.go:512.16,514.35 2 1
github.com/Destraag/toroidzip/codec/codec.go:515.12,517.20 2 1
github.com/Destraag/toroidzip/codec/codec.go:517.20,519.7 1 0
github.com/Destraag/toroidzip/codec/codec.go:520.6,520.21 1 1
github.com/Destraag/toroidzip/codec/codec.go:521.12,523.20 2 1
github.com/Destraag/toroidzip/codec/codec.go:523.20,525.7 1 0
github.com/Destraag/toroidzip/codec/codec.go:526.6,526.21 1 1
github.com/Destraag/toroidzip/codec/codec.go:527.13,529.20 2 1
github.com/Destraag/toroidzip/codec/codec.go:529.20,531.7 1 0
github.com/Destraag/toroidzip/codec/codec.go:532.6,532.13 1 1
github.com/Destraag/toroidzip/codec/codec.go:534.5,534.39 1 1
github.com/Destraag/toroidzip/codec/codec.go:535.10,537.19 2 1
github.com/Destraag/toroidzip/codec/codec.go:537.19,539.6 1 0
github.com/Destraag/toroidzip/codec/codec.go:541.4,541.36 1 1
github.com/Destraag/toroidzip/codec/codec.go:541.36,543.5 1 1
github.com/Destraag/toroidzip/codec/codec.go:543.10,545.5 1 1
github.com/Destraag/toroidzip/codec/codec.go:546.59,548.18 2 1
github.com/Destraag/toroidzip/codec/codec.go:548.18,550.5 1 0
github.com/Destraag/toroidzip/codec/codec.go:551.4,552.36 2 1
github.com/Destraag/toroidzip/codec/codec.go:552.36,554.5 1 1
github.com/Destraag/toroidzip/codec/codec.go:555.11,556.81 1 0
github.com/Destraag/toroidzip/codec/codec.go:559.2,559.20 1 1
github.com/Destraag/toroidzip/codec/codec.go:571.40,572.12 1 1
github.com/Destraag/toroidzip/codec/codec.go:572.12,574.3 1 1
github.com/Destraag/toroidzip/codec/codec.go:575.2,575.65 1 1
github.com/Destraag/toroidzip/codec/codec.go:579.53,587.2 6 1
github.com/Destraag/toroidzip/codec/codec.go:591.64,592.87 1 1
github.com/Destraag/toroidzip/codec/codec.go:592.87,594.3 1 1
github.com/Destraag/toroidzip/codec/codec.go:595.2,596.31 2 1
github.com/Destraag/toroidzip/codec/codec.go:601.43,604.2 2 1
github.com/Destraag/toroidzip/codec/codec.go:606.47,611.2 4 1
github.com/Destraag/toroidzip/codec/codec.go:613.47,618.2 4 1
github.com/Destraag/toroidzip/codec/codec.go:620.49,622.2 1 1
github.com/Destraag/toroidzip/codec/codec.go:624.42,628.2 3 1
github.com/Destraag/toroidzip/codec/codec.go:630.46,634.2 3 1
github.com/Destraag/toroidzip/codec/codec.go:636.46,640.2 3 1
github.com/Destraag/toroidzip/codec/codec.go:642.48,645.2 2 1
github.com/Destraag/toroidzip/codec/codec.go:647.46,651.2 3 1
github.com/Destraag/toroidzip/codec/quantize.go:32.52,37.16 4 1
github.com/Destraag/toroidzip/codec/quantize.go:37.16,39.3 1 1
github.com/Destraag/toroidzip/codec/quantize.go:39.8,41.3 1 1
github.com/Destraag/toroidzip/codec/quantize.go:44.2,47.19 4 1
github.com/Destraag/toroidzip/codec/quantize.go:47.19,49.3 1 1
github.com/Destraag/toroidzip/codec/quantize.go:50.2,50.12 1 1
github.com/Destraag/toroidzip/codec/quantize.go:55.52,58.19 3 1
github.com/Destraag/toroidzip/codec/quantize.go:58.19,60.3 1 0
github.com/Destraag/toroidzip/codec/quantize.go:62.2,65.26 3 1
github.com/Destraag/toroidzip/codec/quantize.go:90.30,91.14 1 1
github.com/Destraag/toroidzip/codec/quantize.go:91.14,93.3 1 1
github.com/Destraag/toroidzip/codec/quantize.go:94.2,94.15 1 1
github.com/Destraag/toroidzip/codec/quantize.go:94.15,96.3 1 1
github.com/Destraag/toroidzip/codec/quantize.go:97.2,97.13 1 1
github.com/Destraag/toroidzip/codec/quantize.go:104.57,105.22 1 1
github.com/Destraag/toroidzip/codec/quantize.go:105.22,107.3 1 1
github.com/Destraag/toroidzip/codec/quantize.go:110.2,111.27 2 1
github.com/Destraag/toroidzip/codec/quantize.go:111.27,112.12 1 1
github.com/Destraag/toroidzip/codec/quantize.go:112.12,114.51 2 1
github.com/Destraag/toroidzip/codec/quantize.go:114.51,116.5 1 1
github.com/Destraag/toroidzip/codec/quantize.go:120.2,128.27 5 1
github.com/Destraag/toroidzip/codec/quantize.go:128.27,129.28 1 1
github.com/Destraag/toroidzip/codec/quantize.go:129.28,131.4 1 1
github.com/Destraag/toroidzip/codec/quantize.go:132.3,132.40 1 1
github.com/Destraag/toroidzip/codec/quantize.go:132.40,132.68 1 1
github.com/Destraag/toroidzip/codec/quantize.go:133.3,134.30 2 1
github.com/Destraag/toroidzip/codec/quantize.go:134.30,136.44 2 1
github.com/Destraag/toroidzip/codec/quantize.go:136.44,138.5 1 1
github.com/Destraag/toroidzip/codec/quantize.go:139.4,141.9 3 1
github.com/Destraag/toroidzip/codec/quantize.go:143.3,143.21 1 1
github.com/Destraag/toroidzip/codec/quantize.go:149.2,151.24 3 1
github.com/Destraag/toroidzip/codec/quantize.go:151.24,153.28 2 1
github.com/Destraag/toroidzip/codec/quantize.go:153.28,154.52 1 1
github.com/Destraag/toroidzip/codec/quantize.go:154.52,156.5 1 1
github.com/Destraag/toroidzip/codec/quantize.go:159.2,161.12 2 1
github.com/Destraag/toroidzip/codec/quantize.go:173.31,174.11 1 1
github.com/Destraag/toroidzip/codec/quantize.go:174.11,176.3 1 1
github.com/Destraag/toroidzip/codec/quantize.go:177.2,177.11 1 1
github.com/Destraag/toroidzip/codec/quantize.go:177.11,179.3 1 1
github.com/Destraag/toroidzip/codec/quantize.go:180.2,182.11 3 1
github.com/Destraag/toroidzip/codec/quantize.go:182.11,184.3 1 0
github.com/Destraag/toroidzip/codec/quantize.go:185.2,185.12 1 1
github.com/Destraag/toroidzip/codec/quantize.go:185.12,187.3 1 0
github.com/Destraag/toroidzip/codec/quantize.go:188.2,188.10 1 1
github.com/Destraag/toroidzip/codec/quantize.go:194.31,198.18 3 1
github.com/Destraag/toroidzip/codec/quantize.go:198.18,200.3 1 0
github.com/Destraag/toroidzip/codec/quantize.go:201.2,202.12 2 1
github.com/Destraag/toroidzip/codec/quantize.go:202.12,204.3 1 1
github.com/Destraag/toroidzip/codec/quantize.go:205.2,205.11 1 1
github.com/Destraag/toroidzip/codec/quantize.go:213.37,215.9 2 1
github.com/Destraag/toroidzip/codec/quantize.go:216.17,217.11 1 1
github.com/Destraag/toroidzip/codec/quantize.go:218.18,219.11 1 1
github.com/Destraag/toroidzip/codec/quantize.go:220.10,221.11 1 1
github.com/Destraag/toroidzip/codec/rans.go:56.50,59.35 3 1
github.com/Destraag/toroidzip/codec/rans.go:59.35,61.35 2 1
github.com/Destraag/toroidzip/codec/rans.go:61.35,63.4 1 1
github.com/Destraag/toroidzip/codec/rans.go:64.3,64.16 1 1
github.com/Destraag/toroidzip/codec/rans.go:66.2,66.10 1 1
github.com/Destraag/toroidzip/codec/rans.go:72.47,74.28 2 1
github.com/Destraag/toroidzip/codec/rans.go:74.28,75.27 1 1
github.com/Destraag/toroidzip/codec/rans.go:75.27,77.4 1 1
github.com/Destraag/toroidzip/codec/rans.go:79.2,79.32 1 1
github.com/Destraag/toroidzip/codec/rans.go:83.60,85.24 2 1
github.com/Destraag/toroidzip/codec/rans.go:85.24,87.3 1 1
github.com/Destraag/toroidzip/codec/rans.go:89.2,90.16 2 1
github.com/Destraag/toroidzip/codec/rans.go:90.16,93.24 2 1
github.com/Destraag/toroidzip/codec/rans.go:93.24,95.4 1 1
github.com/Destraag/toroidzip/codec/rans.go:96.3,97.15 2 1
github.com/Destraag/toroidzip/codec/rans.go:101.2,103.24 3 1
github.com/Destraag/toroidzip/codec/rans.go:103.24,105.12 2 1
github.com/Destraag/toroidzip/codec/rans.go:105.12,107.4 1 1
github.com/Destraag/toroidzip/codec/rans.go:108.3,110.17 3 1
github.com/Destraag/toroidzip/codec/rans.go:110.17,112.4 1 1
github.com/Destraag/toroidzip/codec/rans.go:116.2,116.9 1 1
github.com/Destraag/toroidzip/codec/rans.go:117.19,118.31 1 1
github.com/Destraag/toroidzip/codec/rans.go:119.19,121.29 2 1
github.com/Destraag/toroidzip/codec/rans.go:121.29,123.4 1 1
github.com/Destraag/toroidzip/codec/rans.go:123.9,125.25 1 0
github.com/Destraag/toroidzip/codec/rans.go:125.25,126.35 1 0
github.com/Destraag/toroidzip/codec/rans.go:126.35,129.6 2 0
github.com/Destraag/toroidzip/codec/rans.go:134.2,134.14 1 1
github.com/Destraag/toroidzip/codec/rans.go:141.57,142.23 1 1
github.com/Destraag/toroidzip/codec/rans.go:142.23,144.3 1 1
github.com/Destraag/toroidzip/codec/rans.go:145.2,152.41 4 1
github.com/Destraag/toroidzip/codec/rans.go:152.41,159.17 3 1
github.com/Destraag/toroidzip/codec/rans.go:159.17,162.4 2 1
github.com/Destraag/toroidzip/codec/rans.go:165.3,165.77 1 1
github.com/Destraag/toroidzip/codec/rans.go:169.2,173.53 3 1
github.com/Destraag/toroidzip/codec/rans.go:173.53,175.3 1 1
github.com/Destraag/toroidzip/codec/rans.go:177.2,180.12 4 1
github.com/Destraag/toroidzip/codec/rans.go:186.74,187.16 1 1
github.com/Destraag/toroidzip/codec/rans.go:187.16,189.3 1 1
github.com/Destraag/toroidzip/codec/rans.go:190.2,190.19 1 1
github.com/Destraag/toroidzip/codec/rans.go:190.19,192.3 1 1
github.com/Destraag/toroidzip/codec/rans.go:194.2,200.29 5 1
github.com/Destraag/toroidzip/codec/rans.go:200.29,211.25 6 1
github.com/Destraag/toroidzip/codec/rans.go:211.25,212.23 1 1
github.com/Destraag/toroidzip/codec/rans.go:212.23,215.5 2 1
github.com/Destraag/toroidzip/codec/rans.go:215.10,217.5 1 0
github.com/Destraag/toroidzip/codec/rans.go:221.2,221.21 1 1
